# JRE version: OpenJDK Runtime Environment (17.0.2+8) (build 17.0.2+8-86)
# Java VM: OpenJDK 64-Bit Server VM (17.0.2+8-86, mixed mode, sharing, tiered, compressed oops, compressed class ptrs, g1 gc, windows-amd64)
GC Precious Log:
 CPUs: 12 total, 12 available
 Memory: 24419M
 Large Page Support: Disabled
 NUMA Support: Disabled
 Compressed Oops: Enabled (Zero based)
 Heap Region Size: 4M
 Heap Min Capacity: 8M
 Heap Initial Capacity: 384M
 Heap Max Capacity: 6108M
 Pre-touch: Disabled
 Parallel Workers: 10
 Concurrent Workers: 3
 Concurrent Refinement Workers: 10
 Periodic GC: Disabled
Heap:
 garbage-first heap   total 2555904K, used 1547235K [0x0000000682400000, 0x0000000800000000)
  region size 4096K, 1 young (4096K), 1 survivors (4096K)
 Metaspace       used 38337K, committed 38528K, reserved 1089536K
  class space    used 4967K, committed 5056K, reserved 1048576K
GC Heap History (20 events):
Event: 2.652 GC heap after
{Heap after GC invocations=37 (full 0):
 garbage-first heap   total 2367488K, used 1063630K [0x0000000682400000, 0x0000000800000000)
  region size 4096K, 1 young (4096K), 1 survivors (4096K)
 Metaspace       used 38334K, committed 38528K, reserved 1089536K
  class space    used 4967K, committed 5056K, reserved 1048576K
}
Event: 2.654 GC heap before
{Heap before GC invocations=37 (full 0):
 garbage-first heap   total 2367488K, used 1067726K [0x0000000682400000, 0x0000000800000000)
  region size 4096K, 2 young (8192K), 1 survivors (4096K)
 Metaspace       used 38336K, committed 38528K, reserved 1089536K
  class space    used 4967K, committed 5056K, reserved 1048576K
}
Event: 2.655 GC heap after
{Heap after GC invocations=38 (full 0):
 garbage-first heap   total 2367488K, used 1067739K [0x0000000682400000, 0x0000000800000000)
  region size 4096K, 1 young (4096K), 1 survivors (4096K)
 Metaspace       used 38336K, committed 38528K, reserved 1089536K
  class space    used 4967K, committed 5056K, reserved 1048576K
}
Event: 2.678 GC heap before
{Heap before GC invocations=39 (full 0):
 garbage-first heap   total 2367488K, used 1125083K [0x0000000682400000, 0x0000000800000000)
  region size 4096K, 2 young (8192K), 1 survivors (4096K)
 Metaspace       used 38336K, committed 38528K, reserved 1089536K
  class space    used 4967K, committed 5056K, reserved 1048576K
}
Event: 2.679 GC heap after
{Heap after GC invocations=40 (full 0):
 garbage-first heap   total 2367488K, used 1125119K [0x0000000682400000, 0x0000000800000000)
  region size 4096K, 1 young (4096K), 1 survivors (4096K)
 Metaspace       used 38336K, committed 38528K, reserved 1089536K
  class space    used 4967K, committed 5056K, reserved 1048576K
}
Event: 2.702 GC heap before
{Heap before GC invocations=41 (full 0):
 garbage-first heap   total 2367488K, used 1178367K [0x0000000682400000, 0x0000000800000000)
  region size 4096K, 2 young (8192K), 1 survivors (4096K)
 Metaspace       used 38336K, committed 38528K, reserved 1089536K
  class space    used 4967K, committed 5056K, reserved 1048576K
}
Event: 2.703 GC heap after
{Heap after GC invocations=42 (full 0):
 garbage-first heap   total 2367488K, used 1178393K [0x0000000682400000, 0x0000000800000000)
  region size 4096K, 1 young (4096K), 1 survivors (4096K)
 Metaspace       used 38336K, committed 38528K, reserved 1089536K
  class space    used 4967K, committed 5056K, reserved 1048576K
}
Event: 2.729 GC heap before
{Heap before GC invocations=43 (full 0):
 garbage-first heap   total 2367488K, used 1235737K [0x0000000682400000, 0x0000000800000000)
  region size 4096K, 2 young (8192K), 1 survivors (4096K)
 Metaspace       used 38336K, committed 38528K, reserved 1089536K
  class space    used 4967K, committed 5056K, reserved 1048576K
}
Event: 2.730 GC heap after
{Heap after GC invocations=44 (full 0):
 garbage-first heap   total 2367488K, used 1235773K [0x0000000682400000, 0x0000000800000000)
  region size 4096K, 1 young (4096K), 1 survivors (4096K)
 Metaspace       used 38336K, committed 38528K, reserved 1089536K
  class space    used 4967K, committed 5056K, reserved 1048576K
}
Event: 2.752 GC heap before
{Heap before GC invocations=45 (full 0):
 garbage-first heap   total 2367488K, used 1280829K [0x0000000682400000, 0x0000000800000000)
  region size 4096K, 2 young (8192K), 1 survivors (4096K)
 Metaspace       used 38336K, committed 38528K, reserved 1089536K
  class space    used 4967K, committed 5056K, reserved 1048576K
}
Event: 2.753 GC heap after
{Heap after GC invocations=46 (full 0):
 garbage-first heap   total 2367488K, used 1280853K [0x0000000682400000, 0x0000000800000000)
  region size 4096K, 1 young (4096K), 1 survivors (4096K)
 Metaspace       used 38336K, committed 38528K, reserved 1089536K
  class space    used 4967K, committed 5056K, reserved 1048576K
}
Event: 2.778 GC heap before
{Heap before GC invocations=47 (full 0):
 garbage-first heap   total 2367488K, used 1325909K [0x0000000682400000, 0x0000000800000000)
  region size 4096K, 2 young (8192K), 1 survivors (4096K)
 Metaspace       used 38336K, committed 38528K, reserved 1089536K
  class space    used 4967K, committed 5056K, reserved 1048576K
}
Event: 2.779 GC heap after
{Heap after GC invocations=48 (full 0):
 garbage-first heap   total 2367488K, used 1325921K [0x0000000682400000, 0x0000000800000000)
  region size 4096K, 1 young (4096K), 1 survivors (4096K)
 Metaspace       used 38336K, committed 38528K, reserved 1089536K
  class space    used 4967K, committed 5056K, reserved 1048576K
}
Event: 2.800 GC heap before
{Heap before GC invocations=49 (full 0):
 garbage-first heap   total 2367488K, used 1375073K [0x0000000682400000, 0x0000000800000000)
  region size 4096K, 2 young (8192K), 1 survivors (4096K)
 Metaspace       used 38336K, committed 38528K, reserved 1089536K
  class space    used 4967K, committed 5056K, reserved 1048576K
}
Event: 2.802 GC heap after
{Heap after GC invocations=50 (full 0):
 garbage-first heap   total 2367488K, used 1375113K [0x0000000682400000, 0x0000000800000000)
  region size 4096K, 1 young (4096K), 1 survivors (4096K)
 Metaspace       used 38336K, committed 38528K, reserved 1089536K
  class space    used 4967K, committed 5056K, reserved 1048576K
}
Event: 2.821 GC heap before
{Heap before GC invocations=51 (full 0):
 garbage-first heap   total 2371584K, used 1428361K [0x0000000682400000, 0x0000000800000000)
  region size 4096K, 2 young (8192K), 1 survivors (4096K)
 Metaspace       used 38337K, committed 38528K, reserved 1089536K
  class space    used 4967K, committed 5056K, reserved 1048576K
}
Event: 2.823 GC heap after
{Heap after GC invocations=52 (full 0):
 garbage-first heap   total 2371584K, used 1428397K [0x0000000682400000, 0x0000000800000000)
  region size 4096K, 1 young (4096K), 1 survivors (4096K)
 Metaspace       used 38337K, committed 38528K, reserved 1089536K
  class space    used 4967K, committed 5056K, reserved 1048576K
}
Event: 2.842 GC heap before
{Heap before GC invocations=53 (full 0):
 garbage-first heap   total 2453504K, used 1481645K [0x0000000682400000, 0x0000000800000000)
  region size 4096K, 2 young (8192K), 1 survivors (4096K)
 Metaspace       used 38337K, committed 38528K, reserved 1089536K
  class space    used 4967K, committed 5056K, reserved 1048576K
}
Event: 2.844 GC heap after
{Heap after GC invocations=54 (full 0):
 garbage-first heap   total 2453504K, used 1481668K [0x0000000682400000, 0x0000000800000000)
  region size 4096K, 1 young (4096K), 1 survivors (4096K)
 Metaspace       used 38337K, committed 38528K, reserved 1089536K
  class space    used 4967K, committed 5056K, reserved 1048576K
}
Event: 2.864 GC heap before
{Heap before GC invocations=55 (full 0):
 garbage-first heap   total 2555904K, used 1547204K [0x0000000682400000, 0x0000000800000000)
  region size 4096K, 2 young (8192K), 1 survivors (4096K)
 Metaspace       used 38337K, committed 38528K, reserved 1089536K
  class space    used 4967K, committed 5056K, reserved 1048576K
}

